[0m11:56:16.935695 [debug] [MainThread]: Sending event: {'category': 'dbt', 'action': 'invocation', 'label': 'start', 'context': [<snowplow_tracker.self_describing_json.SelfDescribingJson object at 0x000001883D6D5550>, <snowplow_tracker.self_describing_json.SelfDescribingJson object at 0x000001883FC403B0>, <snowplow_tracker.self_describing_json.SelfDescribingJson object at 0x000001884122EF00>]}


============================== 11:56:16.952772 | aec3384a-d4f9-455c-bc26-07db073dfc63 ==============================
[0m11:56:16.952772 [info ] [MainThread]: Running with dbt=1.11.7
[0m11:56:16.953770 [debug] [MainThread]: running dbt with arguments {'static_parser': 'True', 'no_print': 'None', 'version_check': 'True', 'target_path': 'None', 'warn_error_options': 'WarnErrorOptionsV2(error=[], warn=[], silence=[])', 'printer_width': '80', 'write_json': 'True', 'empty': 'None', 'log_cache_events': 'False', 'introspect': 'True', 'cache_selected_only': 'False', 'log_format': 'default', 'debug': 'False', 'fail_fast': 'False', 'partial_parse': 'True', 'send_anonymous_usage_stats': 'True', 'quiet': 'False', 'warn_error': 'None', 'profiles_dir': 'C:\\Users\\orang\\.dbt', 'invocation_command': 'dbt init dbt_project', 'use_colors': 'True', 'indirect_selection': 'eager', 'use_experimental_parser': 'False', 'log_path': 'logs'}
[0m11:56:16.971777 [info ] [MainThread]: Creating dbt configuration folder at C:\Users\orang\.dbt
[0m11:56:16.973778 [debug] [MainThread]: Starter project path: C:\Users\orang\AppData\Local\Programs\Python\Python312\Lib\site-packages\dbt\include\starter_project
[0m11:56:16.992123 [info ] [MainThread]: 
Your new dbt project "dbt_project" was created!

For more information on how to configure the profiles.yml file,
please consult the dbt documentation here:

  https://docs.getdbt.com/docs/configure-your-profile

One more thing:

Need help? Don't hesitate to reach out to us via GitHub issues or on Slack:

  https://community.getdbt.com/

Happy modeling!

[0m11:56:16.992123 [info ] [MainThread]: Setting up your profile.
[0m11:56:31.810726 [info ] [MainThread]: Profile dbt_project written to C:\Users\orang\.dbt\profiles.yml using target's sample configuration. Once updated, you'll be able to start developing with dbt.
[0m11:56:31.812249 [debug] [MainThread]: Command `dbt init` succeeded at 11:56:31.812249 after 15.05 seconds
[0m11:56:31.813260 [debug] [MainThread]: Sending event: {'category': 'dbt', 'action': 'invocation', 'label': 'end', 'context': [<snowplow_tracker.self_describing_json.SelfDescribingJson object at 0x000001883D6D5550>, <snowplow_tracker.self_describing_json.SelfDescribingJson object at 0x000001884173D1F0>, <snowplow_tracker.self_describing_json.SelfDescribingJson object at 0x0000018840C0BE30>]}
[0m11:56:31.813260 [debug] [MainThread]: Flushing usage events
[0m11:56:33.096388 [debug] [MainThread]: An error was encountered while trying to flush usage events
